{
  "stats": {
    "suites": 1,
    "tests": 9,
    "passes": 9,
    "pending": 0,
    "failures": 0,
    "start": "2020-10-04T17:03:37.264Z",
    "end": "2020-10-04T17:04:06.277Z",
    "duration": 29013,
    "testsRegistered": 9,
    "passPercent": 100,
    "pendingPercent": 0,
    "other": 0,
    "hasOther": false,
    "skipped": 0,
    "hasSkipped": false
  },
  "results": [
    {
      "uuid": "730311bc-4c39-4df1-8564-0aa25f822537",
      "title": "",
      "fullFile": "cypress\\integration\\calculatrice\\classicCalculator.spec.js",
      "file": "cypress\\integration\\calculatrice\\classicCalculator.spec.js",
      "beforeHooks": [],
      "afterHooks": [],
      "tests": [],
      "suites": [
        {
          "uuid": "5aa94913-57a9-450c-b90b-7b0b77102ad9",
          "title": "Use calculator",
          "fullFile": "",
          "file": "",
          "beforeHooks": [],
          "afterHooks": [],
          "tests": [
            {
              "title": "Calculator diplay contain 0",
              "fullTitle": "Use calculator Calculator diplay contain 0",
              "timedOut": null,
              "duration": 680,
              "state": "passed",
              "speed": "slow",
              "pass": true,
              "fail": false,
              "pending": false,
              "context": null,
              "code": "cy.get('.component-display > div').should('contain', 0);",
              "err": {},
              "uuid": "c8a6cf31-b0f7-43dd-8b34-a6389cd6e7a9",
              "parentUUID": "5aa94913-57a9-450c-b90b-7b0b77102ad9",
              "isHook": false,
              "skipped": false
            },
            {
              "title": "number key of a calculator ",
              "fullTitle": "Use calculator number key of a calculator ",
              "timedOut": null,
              "duration": 1424,
              "state": "passed",
              "speed": "slow",
              "pass": true,
              "fail": false,
              "pending": false,
              "context": null,
              "code": "cy.numberKey(0, 1, 2, 3, 4, 5, 6, 7, 8, 9);",
              "err": {},
              "uuid": "0a1310b7-67d9-4e68-b32e-d1a0c45827b7",
              "parentUUID": "5aa94913-57a9-450c-b90b-7b0b77102ad9",
              "isHook": false,
              "skipped": false
            },
            {
              "title": "Initialize numbers",
              "fullTitle": "Use calculator Initialize numbers",
              "timedOut": null,
              "duration": 170,
              "state": "passed",
              "speed": "slow",
              "pass": true,
              "fail": false,
              "pending": false,
              "context": null,
              "code": "cy.initialDisplay(0);",
              "err": {},
              "uuid": "1379f93e-90a6-4828-a448-124f0601cc28",
              "parentUUID": "5aa94913-57a9-450c-b90b-7b0b77102ad9",
              "isHook": false,
              "skipped": false
            },
            {
              "title": "Calculation operators",
              "fullTitle": "Use calculator Calculation operators",
              "timedOut": null,
              "duration": 1181,
              "state": "passed",
              "speed": "slow",
              "pass": true,
              "fail": false,
              "pending": false,
              "context": null,
              "code": "cy.get(':nth-child(1) > :nth-child(2) > button').should('contain', \"+/-\").click();\ncy.get(':nth-child(1) > :nth-child(3) > button').should('contain', \"%\").click();\ncy.get(':nth-child(5) > :nth-child(2) > button').should('contain', \".\").click();\ncy.get(':nth-child(1) > :nth-child(1) > button').should('contain', \"AC\").click();\ncy.get(':nth-child(2) > .orange > button').should('contain', \"x\").click();\ncy.get(':nth-child(3) > .orange > button').should('contain', \"-\").click();\ncy.get(':nth-child(4) > .orange > button').should('contain', \"+\").click();\ncy.get(':nth-child(5) > .orange > button').should('contain', \"=\").click();\ncy.get(':nth-child(1) > .orange > button').should('contain', \"÷\").click();",
              "err": {},
              "uuid": "81679a84-01a9-4445-8de6-ad6af5b2bb16",
              "parentUUID": "5aa94913-57a9-450c-b90b-7b0b77102ad9",
              "isHook": false,
              "skipped": false
            },
            {
              "title": "Addition Operation",
              "fullTitle": "Use calculator Addition Operation",
              "timedOut": null,
              "duration": 3028,
              "state": "passed",
              "speed": "slow",
              "pass": true,
              "fail": false,
              "pending": false,
              "context": null,
              "code": "//simple addition \ncy.get(':nth-child(1) > :nth-child(1) > button').should('contain', \"AC\").click();\ncy.get(':nth-child(2) > :nth-child(1) > button').should('contain', 7).click();\ncy.get(':nth-child(4) > .orange > button').should('contain', \"+\").click();\ncy.get(':nth-child(4) > :nth-child(3) > button').should('contain', 3).click();\ncy.get(':nth-child(5) > .orange > button').should('contain', \"=\").click();\ncy.get('.component-display > div').should('contain', 10); // simple addition of 0\ncy.get(':nth-child(1) > :nth-child(1) > button').should('contain', \"AC\").click();\ncy.get(':nth-child(4) > :nth-child(1) > button').should('contain', 1).click();\ncy.get(':nth-child(2) > :nth-child(3) > button').should('contain', 9).click();\ncy.get(':nth-child(4) > .orange > button').should('contain', \"+\").click();\ncy.get('.wide > button').should('contain', 0).click();\ncy.get(':nth-child(5) > .orange > button').should('contain', \"=\").click();\ncy.get('.component-display > div').should('contain', 19); //simple addition of a negative number\ncy.get(':nth-child(1) > :nth-child(1) > button').should('contain', \"AC\").click();\ncy.get(':nth-child(2) > :nth-child(3) > button').should('contain', 9).click();\ncy.get(':nth-child(1) > :nth-child(2) > button').should('contain', \"+/-\").click();\ncy.get(':nth-child(4) > .orange > button').should('contain', \"+\").click();\ncy.get(':nth-child(3) > :nth-child(2) > button').should('contain', 5).click();\ncy.get(':nth-child(5) > .orange > button').should('contain', \"=\").click();\ncy.get('.component-display > div').should('contain', -4); //simple addition of  decimal number\ncy.get(':nth-child(1) > :nth-child(1) > button').should('contain', \"AC\").click();\ncy.get(':nth-child(4) > :nth-child(1) > button').should('contain', 1).click();\ncy.get(':nth-child(4) > :nth-child(2) > button').should('contain', 2).click();\ncy.get(':nth-child(5) > :nth-child(2) > button').should('contain', \".\").click();\ncy.get(':nth-child(4) > :nth-child(3) > button').should('contain', 3).click();\ncy.get(':nth-child(4) > .orange > button').should('contain', \"+\").click();\ncy.get(':nth-child(2) > :nth-child(2) > button').should('contain', 8).click();\ncy.get(':nth-child(5) > :nth-child(2) > button').should('contain', \".\").click();\ncy.get(':nth-child(3) > :nth-child(2) > button').should('contain', 5).click();\ncy.get(':nth-child(5) > .orange > button').should('contain', \"=\").click();\ncy.get('.component-display > div').should('contain', 20.8);",
              "err": {},
              "uuid": "bcf65b5e-c8c6-422e-acc1-cac7606912b6",
              "parentUUID": "5aa94913-57a9-450c-b90b-7b0b77102ad9",
              "isHook": false,
              "skipped": false
            },
            {
              "title": "subtraction Operation",
              "fullTitle": "Use calculator subtraction Operation",
              "timedOut": null,
              "duration": 4368,
              "state": "passed",
              "speed": "slow",
              "pass": true,
              "fail": false,
              "pending": false,
              "context": null,
              "code": "//simple substraction\ncy.get(':nth-child(1) > :nth-child(1) > button').should('contain', \"AC\").click();\ncy.get(':nth-child(2) > :nth-child(3) > button').should('contain', 9).click();\ncy.get(':nth-child(2) > :nth-child(1) > button').should('contain', 7).click();\ncy.get(':nth-child(3) > .orange > button').should('contain', \"-\").click();\ncy.get(':nth-child(4) > :nth-child(3) > button').should('contain', 3).click();\ncy.get(':nth-child(3) > :nth-child(2) > button').should('contain', 5).click();\ncy.get(':nth-child(5) > .orange > button').should('contain', \"=\").click();\ncy.get('.component-display > div').should('contain', 62); // simple substraction of 0\ncy.get(':nth-child(1) > :nth-child(1) > button').should('contain', \"AC\").click();\ncy.get(':nth-child(4) > :nth-child(1) > button').should('contain', 1).click();\ncy.get(':nth-child(2) > :nth-child(3) > button').should('contain', 9).click();\ncy.get(':nth-child(3) > .orange > button').should('contain', \"-\").click();\ncy.get('.wide > button').should('contain', 0).click();\ncy.get(':nth-child(5) > .orange > button').should('contain', \"=\").click();\ncy.get('.component-display > div').should('contain', 19); //simple substraction of a negative number\ncy.get(':nth-child(1) > :nth-child(1) > button').should('contain', \"AC\").click();\ncy.get(':nth-child(4) > :nth-child(3) > button').should('contain', 3).click();\ncy.get(':nth-child(2) > :nth-child(3) > button').should('contain', 9).click();\ncy.get(':nth-child(1) > :nth-child(2) > button').should('contain', \"+/-\").click();\ncy.get(':nth-child(3) > .orange > button').should('contain', \"-\").click();\ncy.get(':nth-child(3) > :nth-child(2) > button').should('contain', 5).click();\ncy.get('.wide > button').should('contain', 0).click();\ncy.get(':nth-child(5) > .orange > button').should('contain', \"=\").click();\ncy.get('.component-display > div').should('contain', -89);\ncy.get(':nth-child(1) > :nth-child(1) > button').should('contain', \"AC\").click();\ncy.get(':nth-child(4) > :nth-child(1) > button').should('contain', 1).click();\ncy.get(':nth-child(2) > :nth-child(3) > button').should('contain', 9).click();\ncy.get(':nth-child(1) > :nth-child(2) > button').should('contain', \"+/-\").click();\ncy.get(':nth-child(3) > .orange > button').should('contain', \"-\").click();\ncy.get(':nth-child(3) > :nth-child(2) > button').should('contain', 5).click();\ncy.get('.wide > button').should('contain', 0).click();\ncy.get(':nth-child(1) > :nth-child(2) > button').should('contain', \"+/-\").click();\ncy.get(':nth-child(5) > .orange > button').should('contain', \"=\").click();\ncy.get('.component-display > div').should('contain', 31); //simple substraction of  decimal number\ncy.get(':nth-child(1) > :nth-child(1) > button').should('contain', \"AC\").click();\ncy.get(':nth-child(4) > :nth-child(1) > button').should('contain', 1).click();\ncy.get(':nth-child(4) > :nth-child(2) > button').should('contain', 2).click();\ncy.get(':nth-child(5) > :nth-child(2) > button').should('contain', \".\").click();\ncy.get(':nth-child(4) > :nth-child(3) > button').should('contain', 3).click();\ncy.get(':nth-child(3) > .orange > button').should('contain', \"-\").click();\ncy.get(':nth-child(2) > :nth-child(2) > button').should('contain', 8).click();\ncy.get(':nth-child(5) > :nth-child(2) > button').should('contain', \".\").click();\ncy.get(':nth-child(3) > :nth-child(2) > button').should('contain', 5).click();\ncy.get(':nth-child(5) > .orange > button').should('contain', \"=\").click();\ncy.get('.component-display > div').should('contain', 3.8);",
              "err": {},
              "uuid": "040215ef-27d2-4df0-8b39-a08337fe78d6",
              "parentUUID": "5aa94913-57a9-450c-b90b-7b0b77102ad9",
              "isHook": false,
              "skipped": false
            },
            {
              "title": "Division operation",
              "fullTitle": "Use calculator Division operation",
              "timedOut": null,
              "duration": 5862,
              "state": "passed",
              "speed": "slow",
              "pass": true,
              "fail": false,
              "pending": false,
              "context": null,
              "code": "//simple division\ncy.get(':nth-child(1) > :nth-child(1) > button').should('contain', \"AC\").click();\ncy.get(':nth-child(3) > :nth-child(2) > button').should('contain', 5).click();\ncy.get(':nth-child(2) > :nth-child(3) > button').should('contain', 9).click();\ncy.get(':nth-child(1) > .orange > button').should('contain', \"÷\").click();\ncy.get(':nth-child(2) > :nth-child(1) > button').should('contain', 7).click();\ncy.get(':nth-child(5) > .orange > button').should('contain', \"=\").click();\ncy.get('.component-display > div').should('contain', 8.42); // simple division by 0\ncy.get(':nth-child(1) > :nth-child(1) > button').should('contain', \"AC\").click();\ncy.get('.wide > button').should('contain', 0).click();\ncy.get(':nth-child(1) > .orange > button').should('contain', \"÷\").click();\ncy.get(':nth-child(4) > :nth-child(1) > button').should('contain', 1).click();\ncy.get(':nth-child(2) > :nth-child(3) > button').should('contain', 9).click();\ncy.get(':nth-child(5) > .orange > button').should('contain', \"=\").click();\ncy.get('.component-display > div').should('contain', 0); //simple division  of a negative number\ncy.get(':nth-child(1) > :nth-child(1) > button').should('contain', \"AC\").click();\ncy.get(':nth-child(4) > :nth-child(3) > button').should('contain', 3).click();\ncy.get('.wide > button').should('contain', 0).click();\ncy.get(':nth-child(1) > :nth-child(2) > button').should('contain', \"+/-\").click();\ncy.get(':nth-child(1) > .orange > button').should('contain', \"÷\").click();\ncy.get(':nth-child(4) > :nth-child(1) > button').should('contain', 1).click();\ncy.get('.wide > button').should('contain', 0).click();\ncy.get(':nth-child(5) > .orange > button').should('contain', \"=\").click();\ncy.get('.component-display > div').should('contain', -3); // simple division  between two negatives numbers\ncy.get(':nth-child(1) > :nth-child(1) > button').should('contain', \"AC\").click();\ncy.get(':nth-child(4) > :nth-child(1) > button').should('contain', 1).click();\ncy.get(':nth-child(2) > :nth-child(3) > button').should('contain', 9).click();\ncy.get('.wide > button').should('contain', 0).click();\ncy.get(':nth-child(1) > :nth-child(2) > button').should('contain', \"+/-\").click();\ncy.get(':nth-child(1) > .orange > button').should('contain', \"÷\").click();\ncy.get(':nth-child(3) > :nth-child(2) > button').should('contain', 5).click();\ncy.get(':nth-child(1) > :nth-child(2) > button').should('contain', \"+/-\").click();\ncy.get(':nth-child(5) > .orange > button').should('contain', \"=\").click();\ncy.get('.component-display > div').should('contain', 38); // simple division with  negative denominator number\ncy.get(':nth-child(1) > :nth-child(1) > button').should('contain', \"AC\").click();\ncy.get(':nth-child(2) > :nth-child(3) > button').should('contain', 9).click();\ncy.get('.wide > button').should('contain', 0).click();\ncy.get(':nth-child(1) > .orange > button').should('contain', \"÷\").click();\ncy.get(':nth-child(2) > :nth-child(3) > button').should('contain', 9).click();\ncy.get(':nth-child(1) > :nth-child(2) > button').should('contain', \"+/-\").click();\ncy.get(':nth-child(5) > .orange > button').should('contain', \"=\").click();\ncy.get('.component-display > div').should('contain', 10); //simple division  by  decimal number\ncy.get(':nth-child(1) > :nth-child(1) > button').should('contain', \"AC\").click();\ncy.get(':nth-child(4) > :nth-child(3) > button').should('contain', 3).click();\ncy.get(':nth-child(4) > :nth-child(2) > button').should('contain', 2).click();\ncy.get(':nth-child(5) > :nth-child(2) > button').should('contain', \".\").click();\ncy.get(':nth-child(1) > .orange > button').should('contain', \"÷\").click();\ncy.get(':nth-child(2) > :nth-child(2) > button').should('contain', 8).click();\ncy.get(':nth-child(5) > :nth-child(2) > button').should('contain', \".\").click();\ncy.get(':nth-child(3) > :nth-child(2) > button').should('contain', 5).click();\ncy.get(':nth-child(5) > .orange > button').should('contain', \"=\").click();\ncy.get('.component-display > div').should('contain', 3.76); // division by 0,...\ncy.get(':nth-child(1) > :nth-child(1) > button').should('contain', \"AC\").click();\ncy.get(':nth-child(4) > :nth-child(3) > button').should('contain', 3).click();\ncy.get('.wide > button').should('contain', 0).click();\ncy.get(':nth-child(5) > :nth-child(2) > button').should('contain', \".\").click();\ncy.get(':nth-child(1) > .orange > button').should('contain', \"÷\").click();\ncy.get('.wide > button').should('contain', 0).click();\ncy.get(':nth-child(5) > :nth-child(2) > button').should('contain', \".\").click();\ncy.get(':nth-child(3) > :nth-child(2) > button').should('contain', 5).click();\ncy.get(':nth-child(5) > .orange > button').should('contain', \"=\").click();\ncy.get('.component-display > div').should('contain', 60);",
              "err": {},
              "uuid": "b7c1e4be-2a2e-444f-b33a-937822cf9c15",
              "parentUUID": "5aa94913-57a9-450c-b90b-7b0b77102ad9",
              "isHook": false,
              "skipped": false
            },
            {
              "title": "Multiplication operation",
              "fullTitle": "Use calculator Multiplication operation",
              "timedOut": null,
              "duration": 5808,
              "state": "passed",
              "speed": "slow",
              "pass": true,
              "fail": false,
              "pending": false,
              "context": null,
              "code": "//simple Multiplication\ncy.get(':nth-child(1) > :nth-child(1) > button').should('contain', \"AC\").click();\ncy.get(':nth-child(2) > :nth-child(3) > button').should('contain', 9).click();\ncy.get(':nth-child(2) > .orange > button').should('contain', \"x\").click();\ncy.get(':nth-child(2) > :nth-child(1) > button').should('contain', 7).click();\ncy.get(':nth-child(5) > .orange > button').should('contain', \"=\").click();\ncy.get('.component-display > div').should('contain', 63); // simple Multiplication by 0\ncy.get(':nth-child(1) > :nth-child(1) > button').should('contain', \"AC\").click();\ncy.get('.wide > button').should('contain', 0).click();\ncy.get(':nth-child(2) > .orange > button').should('contain', \"x\").click();\ncy.get(':nth-child(4) > :nth-child(1) > button').should('contain', 1).click();\ncy.get(':nth-child(2) > :nth-child(3) > button').should('contain', 9).click();\ncy.get(':nth-child(5) > .orange > button').should('contain', \"=\").click();\ncy.get('.component-display > div').should('contain', 0); //simple Multiplication  of negative number\ncy.get(':nth-child(1) > :nth-child(1) > button').should('contain', \"AC\").click();\ncy.get(':nth-child(4) > :nth-child(3) > button').should('contain', 3).click();\ncy.get('.wide > button').should('contain', 0).click();\ncy.get(':nth-child(2) > .orange > button').should('contain', \"x\").click();\ncy.get(':nth-child(4) > :nth-child(1) > button').should('contain', 1).click();\ncy.get(':nth-child(3) > :nth-child(2) > button').should('contain', 5).click();\ncy.get(':nth-child(1) > :nth-child(2) > button').should('contain', \"+/-\").click();\ncy.get(':nth-child(5) > .orange > button').should('contain', \"=\").click();\ncy.get('.component-display > div').should('contain', -450); // simple Multiplication between two negatives numbers\ncy.get(':nth-child(1) > :nth-child(1) > button').should('contain', \"AC\").click();\ncy.get(':nth-child(4) > :nth-child(1) > button').should('contain', 1).click();\ncy.get('.wide > button').should('contain', 0).click();\ncy.get(':nth-child(1) > :nth-child(2) > button').should('contain', \"+/-\").click();\ncy.get(':nth-child(2) > .orange > button').should('contain', \"x\").click();\ncy.get(':nth-child(3) > :nth-child(2) > button').should('contain', 5).click();\ncy.get(':nth-child(1) > :nth-child(2) > button').should('contain', \"+/-\").click();\ncy.get(':nth-child(5) > .orange > button').should('contain', \"=\").click();\ncy.get('.component-display > div').should('contain', 50); // simple Multiplication between  negative and positive number \ncy.get(':nth-child(1) > :nth-child(1) > button').should('contain', \"AC\").click();\ncy.get(':nth-child(2) > :nth-child(3) > button').should('contain', 9).click();\ncy.get('.wide > button').should('contain', 0).click();\ncy.get(':nth-child(2) > .orange > button').should('contain', \"x\").click();\ncy.get(':nth-child(2) > :nth-child(3) > button').should('contain', 9).click();\ncy.get(':nth-child(1) > :nth-child(2) > button').should('contain', \"+/-\").click();\ncy.get(':nth-child(5) > .orange > button').should('contain', \"=\").click();\ncy.get('.component-display > div').should('contain', -810); //simple Multiplication  of  decimal number\ncy.get(':nth-child(1) > :nth-child(1) > button').should('contain', \"AC\").click();\ncy.get(':nth-child(4) > :nth-child(3) > button').should('contain', 3).click();\ncy.get(':nth-child(4) > :nth-child(2) > button').should('contain', 2).click();\ncy.get(':nth-child(5) > :nth-child(2) > button').should('contain', \".\").click();\ncy.get(':nth-child(3) > :nth-child(1) > button').should('contain', 4).click();\ncy.get(':nth-child(2) > .orange > button').should('contain', \"x\").click();\ncy.get(':nth-child(2) > :nth-child(2) > button').should('contain', 8).click();\ncy.get(':nth-child(5) > :nth-child(2) > button').should('contain', \".\").click();\ncy.get(':nth-child(3) > :nth-child(2) > button').should('contain', 5).click();\ncy.get(':nth-child(5) > .orange > button').should('contain', \"=\").click();\ncy.get('.component-display > div').should('contain', 275.4); // Multiplication by 0,...\ncy.get(':nth-child(1) > :nth-child(1) > button').should('contain', \"AC\").click();\ncy.get(':nth-child(4) > :nth-child(3) > button').should('contain', 3).click();\ncy.get('.wide > button').should('contain', 0).click();\ncy.get(':nth-child(5) > :nth-child(2) > button').should('contain', \".\").click();\ncy.get(':nth-child(3) > :nth-child(2) > button').should('contain', 5).click();\ncy.get(':nth-child(2) > .orange > button').should('contain', \"x\").click();\ncy.get('.wide > button').should('contain', 0).click();\ncy.get(':nth-child(5) > :nth-child(2) > button').should('contain', \".\").click();\ncy.get(':nth-child(4) > :nth-child(1) > button').should('contain', 1).click();\ncy.get(':nth-child(5) > .orange > button').should('contain', \"=\").click();\ncy.get('.component-display > div').should('contain', 3.05);",
              "err": {},
              "uuid": "aa15ba76-7637-4b37-af5e-4b3a5cbb4d37",
              "parentUUID": "5aa94913-57a9-450c-b90b-7b0b77102ad9",
              "isHook": false,
              "skipped": false
            },
            {
              "title": "Percentage",
              "fullTitle": "Use calculator Percentage",
              "timedOut": null,
              "duration": 464,
              "state": "passed",
              "speed": "slow",
              "pass": true,
              "fail": false,
              "pending": false,
              "context": null,
              "code": "cy.get(':nth-child(1) > :nth-child(1) > button').should('contain', \"AC\").click();\ncy.get(':nth-child(4) > :nth-child(3) > button').should('contain', 3).click();\ncy.get('.wide > button').should('contain', 0).click();\ncy.get(':nth-child(1) > :nth-child(3) > button').should('contain', \"%\").click();\ncy.get('.component-display > div').should('contain', 0.3);",
              "err": {},
              "uuid": "4d92149e-a958-4c4b-88ac-8c45f5383cb9",
              "parentUUID": "5aa94913-57a9-450c-b90b-7b0b77102ad9",
              "isHook": false,
              "skipped": false
            }
          ],
          "suites": [],
          "passes": [
            "c8a6cf31-b0f7-43dd-8b34-a6389cd6e7a9",
            "0a1310b7-67d9-4e68-b32e-d1a0c45827b7",
            "1379f93e-90a6-4828-a448-124f0601cc28",
            "81679a84-01a9-4445-8de6-ad6af5b2bb16",
            "bcf65b5e-c8c6-422e-acc1-cac7606912b6",
            "040215ef-27d2-4df0-8b39-a08337fe78d6",
            "b7c1e4be-2a2e-444f-b33a-937822cf9c15",
            "aa15ba76-7637-4b37-af5e-4b3a5cbb4d37",
            "4d92149e-a958-4c4b-88ac-8c45f5383cb9"
          ],
          "failures": [],
          "pending": [],
          "skipped": [],
          "duration": 22985,
          "root": false,
          "rootEmpty": false,
          "_timeout": 2000
        }
      ],
      "passes": [],
      "failures": [],
      "pending": [],
      "skipped": [],
      "duration": 0,
      "root": true,
      "rootEmpty": true,
      "_timeout": 2000
    }
  ],
  "meta": {
    "mocha": {
      "version": "7.0.1"
    },
    "mochawesome": {
      "options": {
        "quiet": false,
        "reportFilename": "mochawesome",
        "saveHtml": false,
        "saveJson": true,
        "consoleReporter": "spec",
        "useInlineDiffs": false,
        "code": true
      },
      "version": "6.1.1"
    },
    "marge": {
      "options": {
        "reportDir": "cypress/results",
        "overwrite": false,
        "html": false,
        "json": true
      },
      "version": "5.1.0"
    }
  }
}