{
  "stats": {
    "suites": 0,
    "tests": 0,
    "passes": 0,
    "pending": 0,
    "failures": 0,
    "start": "2020-10-06T09:00:32.784Z",
    "end": "2020-10-06T09:00:32.786Z",
    "duration": 2,
    "testsRegistered": 0,
    "passPercent": null,
    "pendingPercent": null,
    "other": 0,
    "hasOther": false,
    "skipped": 0,
    "hasSkipped": false
  },
  "results": [
    false
  ],
  "meta": {
    "mocha": {
      "version": "7.0.1"
    },
    "mochawesome": {
      "options": {
        "quiet": false,
        "reportFilename": "mochawesome",
        "saveHtml": false,
        "saveJson": true,
        "consoleReporter": "spec",
        "useInlineDiffs": false,
        "code": true
      },
      "version": "6.1.1"
    },
    "marge": {
      "options": {
        "reportDir": "cypress/results",
        "overwrite": false,
        "html": false,
        "json": true
      },
      "version": "5.1.0"
    }
  }
}